[2024-01-19 09:19:15][3] Processing: App\Jobs\ProcessNpsJob
[2024-01-19 09:19:15][3] Processed:  App\Jobs\ProcessNpsJob
[2024-01-19 09:19:15][4] Processing: App\Jobs\TakeBlipWhatsappSendMessageJob
[2024-01-19 09:19:15][4] Processed:  App\Jobs\TakeBlipWhatsappSendMessageJob
[2024-01-19 09:21:16][5] Processing: App\Jobs\ProcessNpsJob
[2024-01-19 09:21:16][5] Processed:  App\Jobs\ProcessNpsJob
[2024-01-19 09:21:16][6] Processing: App\Jobs\TakeBlipWhatsappSendMessageJob
[2024-01-19 09:21:17][6] Processed:  App\Jobs\TakeBlipWhatsappSendMessageJob
[2024-01-19 09:22:23][7] Processing: App\Jobs\ProcessNpsJob
[2024-01-19 09:22:23][7] Processed:  App\Jobs\ProcessNpsJob
[2024-01-19 09:22:23][8] Processing: App\Jobs\TakeBlipWhatsappSendMessageJob
[2024-01-19 09:22:23][8] Processed:  App\Jobs\TakeBlipWhatsappSendMessageJob
[2024-01-19 11:30:18][9] Processing: App\Jobs\ProcessNpsJob
[2024-01-19 11:30:18][9] Processed:  App\Jobs\ProcessNpsJob
[2024-01-19 11:30:18][10] Processing: App\Jobs\TakeBlipWhatsappSendMessageJob
[2024-01-19 11:30:19][10] Processed:  App\Jobs\TakeBlipWhatsappSendMessageJob
[2024-01-19 13:41:22][11] Processing: App\Jobs\ProcessNpsJob
[2024-01-19 13:41:22][11] Processed:  App\Jobs\ProcessNpsJob
[2024-01-19 13:41:22][12] Processing: App\Jobs\TakeBlipWhatsappSendMessageJob
[2024-01-19 13:41:23][12] Processed:  App\Jobs\TakeBlipWhatsappSendMessageJob
[2024-01-19 13:41:47][13] Processing: App\Jobs\ProcessNpsJob
[2024-01-19 13:41:47][13] Processed:  App\Jobs\ProcessNpsJob
[2024-01-19 13:41:47][14] Processing: App\Jobs\TakeBlipWhatsappSendMessageJob
[2024-01-19 13:41:47][14] Processed:  App\Jobs\TakeBlipWhatsappSendMessageJob
[2024-01-19 13:51:01][15] Processing: App\Jobs\ProcessNpsJob
[2024-01-19 13:51:01][15] Processed:  App\Jobs\ProcessNpsJob
[2024-01-19 13:51:01][16] Processing: App\Jobs\TakeBlipWhatsappSendMessageJob
[2024-01-19 13:51:02][16] Processed:  App\Jobs\TakeBlipWhatsappSendMessageJob
[2024-01-19 13:52:50][17] Processing: App\Jobs\ProcessNpsJob
[2024-01-19 13:52:50][17] Processed:  App\Jobs\ProcessNpsJob
[2024-01-19 13:52:50][18] Processing: App\Jobs\TakeBlipWhatsappSendMessageJob
[2024-01-19 13:52:51][18] Processed:  App\Jobs\TakeBlipWhatsappSendMessageJob
[2024-01-19 13:53:00][19] Processing: App\Jobs\ProcessNpsJob
[2024-01-19 13:53:00][19] Processed:  App\Jobs\ProcessNpsJob
[2024-01-19 13:53:00][20] Processing: App\Jobs\TakeBlipWhatsappSendMessageJob
[2024-01-19 13:53:01][20] Processed:  App\Jobs\TakeBlipWhatsappSendMessageJob
[2024-01-19 14:17:33][21] Processing: App\Jobs\ProcessNpsJob
[2024-01-19 14:17:33][21] Processed:  App\Jobs\ProcessNpsJob
[2024-01-19 14:17:33][22] Processing: App\Jobs\TakeBlipWhatsappSendMessageJob
[2024-01-19 14:17:33][22] Processed:  App\Jobs\TakeBlipWhatsappSendMessageJob
[2024-01-22 15:08:52][23] Processing: App\Jobs\ProcessNpsJob
[2024-01-22 15:08:52][23] Processed:  App\Jobs\ProcessNpsJob
[2024-01-22 15:08:52][24] Processing: App\Jobs\MaisChatWhatsappSendMessageJob
[2024-01-22 15:08:53][24] Processed:  App\Jobs\MaisChatWhatsappSendMessageJob
[2024-01-23 10:13:50][25] Processing: App\Jobs\ProcessNpsJob
[2024-01-23 10:13:50][25] Processed:  App\Jobs\ProcessNpsJob
[2024-01-23 10:13:50][26] Processing: App\Jobs\MaisChatWhatsappSendMessageJob
[2024-01-23 10:13:51][26] Processed:  App\Jobs\MaisChatWhatsappSendMessageJob
[2024-01-23 11:14:29][27] Processing: App\Jobs\ProcessNpsJob
[2024-01-23 11:14:29][27] Processed:  App\Jobs\ProcessNpsJob
[2024-01-23 11:14:29][28] Processing: App\Jobs\MaisChatWhatsappSendMessageJob
[2024-01-23 11:14:30][28] Processed:  App\Jobs\MaisChatWhatsappSendMessageJob
